<?xml version="1.0" ?>
<coverage branch-rate="1" line-rate="1" timestamp="1506020634937" version="4.0.3">
	<!-- Generated by coverage.py: https://coverage.readthedocs.org -->
	<!-- Based on https://raw.githubusercontent.com/cobertura/web/f0366e5e2cf18f111cbd61fc34ef720a6584ba02/htdocs/xml/coverage-03.dtd -->
	<sources>
		<source>/home/matan/Documents/AguaClara/aide_document</source>
		<source>/home/matan/Documents/AguaClara/aide_document/aide_document</source>
	</sources>
	<packages>
		<package branch-rate="1" complexity="0" line-rate="1" name="aide_document">
			<classes>
				<class branch-rate="1" complexity="0" filename="aide_document/__init__.py" line-rate="1" name="__init__.py">
					<methods/>
					<lines/>
				</class>
				<class branch-rate="1" complexity="0" filename="aide_document/utils.py" line-rate="1" name="utils.py">
					<methods/>
					<lines>
						<line hits="1" number="5"/>
						<line hits="1" number="8"/>
						<line hits="1" number="13"/>
						<line hits="1" number="17"/>
						<line hits="1" number="19"/>
						<line hits="1" number="23"/>
						<line hits="1" number="26"/>
						<line hits="1" number="36"/>
						<line hits="1" number="37"/>
						<line hits="1" number="39"/>
						<line hits="1" number="42"/>
						<line hits="1" number="52"/>
						<line hits="1" number="54"/>
						<line hits="1" number="57"/>
						<line hits="1" number="67"/>
						<line hits="1" number="69"/>
					</lines>
				</class>
			</classes>
		</package>
	</packages>
</coverage>
